01-Feb-2023 20:43:48,985  INFO  (Main.java:13) - ------------------------------Starting application------------------------------
01-Feb-2023 20:43:49,150  INFO  (Main.java:16) - Setting LookAndFeel to NimbusLookAndFeel.
01-Feb-2023 20:43:49,150  INFO  (Main.java:22) - Attempting to connect to database.
01-Feb-2023 20:43:49,410  INFO  (Main.java:25) - Succesfully connected to database!
01-Feb-2023 20:43:49,920  INFO  (Main.java:32) - Showing login screen.
01-Feb-2023 20:44:02,188  INFO  (Main.java:13) - ------------------------------Starting application------------------------------
01-Feb-2023 20:44:02,300  INFO  (Main.java:16) - Setting LookAndFeel to NimbusLookAndFeel.
01-Feb-2023 20:44:02,300  INFO  (Main.java:22) - Attempting to connect to database.
01-Feb-2023 20:44:02,483  INFO  (Main.java:25) - Succesfully connected to database!
01-Feb-2023 20:44:02,729  INFO  (Main.java:31) - Showing login screen.
01-Feb-2023 20:44:06,560  INFO  (LoginScreen.java:134) - Trying to login a user: [admin] with password: [a, d, m, i, n].
01-Feb-2023 20:44:06,612  INFO  (ChooseCounter.java:79) - Adding machines SB-9 to be available
01-Feb-2023 20:44:06,613  INFO  (ChooseCounter.java:79) - Adding machines ML-2F to be available
01-Feb-2023 20:44:06,719  INFO  (ButtonListeners.java:196) - Successful login. Showing ChooseCounter window.
01-Feb-2023 20:44:07,990  INFO  (ChooseCounter.java:189) - Connected to port Communications Port (COM1)
01-Feb-2023 20:44:08,009  INFO  (ChooseCounter.java:198) - Opening port with settings for SB-9
01-Feb-2023 20:44:08,180  INFO  (ChooseCounter.java:211) - Showing MainWindow, with following settings: SB-9, COM1, 115200.
01-Feb-2023 20:44:16,597  INFO  (MainWindow.java:367) - Opening Database window
01-Feb-2023 20:44:34,631  INFO  (MainWindow.java:338) - Serial numbers copied to clipboard.
01-Feb-2023 20:44:35,168  INFO  (MainWindow.java:324) - Clearing OCR and Serial Image data.
01-Feb-2023 20:44:42,288  INFO  (MainWindow.java:309) - ChangeSettings pressed. Closing port: COM1 and showing ChooseCounter window
01-Feb-2023 20:44:42,301  INFO  (ChooseCounter.java:79) - Adding machines SB-9 to be available
01-Feb-2023 20:44:42,302  INFO  (ChooseCounter.java:79) - Adding machines ML-2F to be available
01-Feb-2023 20:44:44,542  ERROR (ChooseCounter.java:192) - Error while opening the port.
01-Feb-2023 20:44:44,542  INFO  (ChooseCounter.java:198) - Opening port with settings for SB-9
01-Feb-2023 20:44:44,579  INFO  (ChooseCounter.java:211) - Showing MainWindow, with following settings: SB-9, COM1, 115200.
01-Feb-2023 20:46:46,534  INFO  (Main.java:13) - ------------------------------Starting application------------------------------
01-Feb-2023 20:46:46,648  INFO  (Main.java:16) - Setting LookAndFeel to NimbusLookAndFeel.
01-Feb-2023 20:46:46,649  INFO  (Main.java:22) - Attempting to connect to database.
01-Feb-2023 20:46:46,830  INFO  (Main.java:25) - Succesfully connected to database!
01-Feb-2023 20:46:47,062  INFO  (Main.java:31) - Showing login screen.
01-Feb-2023 20:46:51,513  INFO  (LoginScreen.java:134) - Trying to login a user: [admin] with password: [a, d, m, i, n].
01-Feb-2023 20:46:51,564  INFO  (ChooseCounter.java:79) - Adding machines SB-9 to be available
01-Feb-2023 20:46:51,565  INFO  (ChooseCounter.java:79) - Adding machines ML-2F to be available
01-Feb-2023 20:46:51,630  INFO  (ButtonListeners.java:196) - Successful login. Showing ChooseCounter window.
01-Feb-2023 20:46:53,230  INFO  (ChooseCounter.java:190) - Connected to port Communications Port (COM1)
01-Feb-2023 20:46:53,234  INFO  (ChooseCounter.java:199) - Opening port with settings for SB-9
01-Feb-2023 20:46:53,317  INFO  (ChooseCounter.java:212) - Showing MainWindow, with following settings: SB-9, COM1, 115200.
01-Feb-2023 20:46:54,241  INFO  (MainWindow.java:309) - ChangeSettings pressed. Closing port: COM1 and showing ChooseCounter window
01-Feb-2023 20:46:54,254  INFO  (ChooseCounter.java:79) - Adding machines SB-9 to be available
01-Feb-2023 20:46:54,254  INFO  (ChooseCounter.java:79) - Adding machines ML-2F to be available
01-Feb-2023 20:46:56,044  ERROR (ChooseCounter.java:193) - Error while opening the port.
01-Feb-2023 20:46:56,044  INFO  (ChooseCounter.java:199) - Opening port with settings for SB-9
01-Feb-2023 20:46:56,083  INFO  (ChooseCounter.java:212) - Showing MainWindow, with following settings: SB-9, COM1, 115200.
01-Feb-2023 20:47:00,920  INFO  (MainWindow.java:309) - ChangeSettings pressed. Closing port: COM1 and showing ChooseCounter window
01-Feb-2023 20:47:00,934  INFO  (ChooseCounter.java:79) - Adding machines SB-9 to be available
01-Feb-2023 20:47:00,934  INFO  (ChooseCounter.java:79) - Adding machines ML-2F to be available
01-Feb-2023 21:18:26,706  INFO  (Main.java:13) - ------------------------------Starting application------------------------------
01-Feb-2023 21:18:26,820  INFO  (Main.java:16) - Setting LookAndFeel to NimbusLookAndFeel.
01-Feb-2023 21:18:26,821  INFO  (Main.java:22) - Attempting to connect to database.
01-Feb-2023 21:18:26,995  FATAL (Main.java:27) - [SQLITE_CONSTRAINT_UNIQUE] A UNIQUE constraint failed (UNIQUE constraint failed: users.userName)
01-Feb-2023 21:18:27,232  INFO  (Main.java:31) - Showing login screen.
01-Feb-2023 21:18:35,634  INFO  (LoginScreen.java:134) - Trying to login a user: [admin] with password: [a, d, m, i, n].
01-Feb-2023 21:18:35,680  INFO  (ChooseCounter.java:79) - Adding machines SB-9 to be available
01-Feb-2023 21:18:35,680  INFO  (ChooseCounter.java:79) - Adding machines ML-2F to be available
01-Feb-2023 21:18:35,726  INFO  (ButtonListeners.java:196) - Successful login. Showing ChooseCounter window.
01-Feb-2023 21:18:51,217  INFO  (ChooseCounter.java:190) - Connected to port Communications Port (COM1)
01-Feb-2023 21:18:51,220  INFO  (ChooseCounter.java:199) - Opening port with settings for SB-9
01-Feb-2023 21:18:51,311  INFO  (ChooseCounter.java:212) - Showing MainWindow, with following settings: SB-9, COM1, 115200.
01-Feb-2023 21:18:56,241  INFO  (Main.java:13) - ------------------------------Starting application------------------------------
01-Feb-2023 21:18:56,354  INFO  (Main.java:16) - Setting LookAndFeel to NimbusLookAndFeel.
01-Feb-2023 21:18:56,354  INFO  (Main.java:22) - Attempting to connect to database.
01-Feb-2023 21:18:56,518  FATAL (Main.java:27) - [SQLITE_CONSTRAINT_UNIQUE] A UNIQUE constraint failed (UNIQUE constraint failed: users.userName)
01-Feb-2023 21:18:56,756  INFO  (Main.java:31) - Showing login screen.
01-Feb-2023 21:18:59,850  INFO  (LoginScreen.java:134) - Trying to login a user: [admin] with password: [a, d, m, i, n].
01-Feb-2023 21:18:59,898  INFO  (ChooseCounter.java:79) - Adding machines SB-9 to be available
01-Feb-2023 21:18:59,899  INFO  (ChooseCounter.java:79) - Adding machines ML-2F to be available
01-Feb-2023 21:18:59,942  INFO  (ButtonListeners.java:196) - Successful login. Showing ChooseCounter window.
01-Feb-2023 21:19:01,065  INFO  (ChooseCounter.java:190) - Connected to port Communications Port (COM1)
01-Feb-2023 21:19:01,069  INFO  (ChooseCounter.java:199) - Opening port with settings for SB-9
01-Feb-2023 21:19:01,155  INFO  (ChooseCounter.java:212) - Showing MainWindow, with following settings: SB-9, COM1, 115200.
01-Feb-2023 21:44:17,538  INFO  (Main.java:13) - ------------------------------Starting application------------------------------
01-Feb-2023 21:44:17,656  INFO  (Main.java:16) - Setting LookAndFeel to NimbusLookAndFeel.
01-Feb-2023 21:44:17,656  INFO  (Main.java:22) - Attempting to connect to database.
01-Feb-2023 21:44:17,820  FATAL (Main.java:27) - [SQLITE_CONSTRAINT_UNIQUE] A UNIQUE constraint failed (UNIQUE constraint failed: users.userName)
01-Feb-2023 21:44:18,057  INFO  (Main.java:31) - Showing login screen.
01-Feb-2023 21:44:21,220  INFO  (LoginScreen.java:134) - Trying to login a user: [admin] with password: [a, d, m, i, n].
01-Feb-2023 21:44:21,263  INFO  (ChooseCounter.java:79) - Adding machines SB-9 to be available
01-Feb-2023 21:44:21,264  INFO  (ChooseCounter.java:79) - Adding machines ML-2F to be available
01-Feb-2023 21:44:21,311  INFO  (ButtonListeners.java:196) - Successful login. Showing ChooseCounter window.
01-Feb-2023 21:44:22,770  ERROR (ChooseCounter.java:193) - Error while opening the port.
01-Feb-2023 21:44:22,773  INFO  (ChooseCounter.java:199) - Opening port with settings for SB-9
01-Feb-2023 21:44:22,863  INFO  (ChooseCounter.java:212) - Showing MainWindow, with following settings: SB-9, COM1, 115200.
01-Feb-2023 21:44:27,627  INFO  (MainWindow.java:367) - Opening Database window
01-Feb-2023 21:45:34,173  INFO  (Main.java:13) - ------------------------------Starting application------------------------------
01-Feb-2023 21:45:34,284  INFO  (Main.java:16) - Setting LookAndFeel to NimbusLookAndFeel.
01-Feb-2023 21:45:34,284  INFO  (Main.java:22) - Attempting to connect to database.
01-Feb-2023 21:45:34,445  FATAL (Main.java:27) - [SQLITE_CONSTRAINT_UNIQUE] A UNIQUE constraint failed (UNIQUE constraint failed: users.userName)
01-Feb-2023 21:45:34,671  INFO  (Main.java:31) - Showing login screen.
01-Feb-2023 21:45:37,140  INFO  (LoginScreen.java:134) - Trying to login a user: [admin] with password: [a, d, m, i, n].
01-Feb-2023 21:45:37,185  INFO  (ChooseCounter.java:79) - Adding machines SB-9 to be available
01-Feb-2023 21:45:37,186  INFO  (ChooseCounter.java:79) - Adding machines ML-2F to be available
01-Feb-2023 21:45:37,229  INFO  (ButtonListeners.java:196) - Successful login. Showing ChooseCounter window.
01-Feb-2023 21:45:38,266  INFO  (ChooseCounter.java:190) - Connected to port Communications Port (COM1)
01-Feb-2023 21:45:38,270  INFO  (ChooseCounter.java:199) - Opening port with settings for SB-9
01-Feb-2023 21:45:38,356  INFO  (ChooseCounter.java:212) - Showing MainWindow, with following settings: SB-9, COM1, 115200.
01-Feb-2023 21:45:42,124  INFO  (MainWindow.java:367) - Opening Database window
01-Feb-2023 21:48:04,274  INFO  (Main.java:13) - ------------------------------Starting application------------------------------
01-Feb-2023 21:48:04,387  INFO  (Main.java:16) - Setting LookAndFeel to NimbusLookAndFeel.
01-Feb-2023 21:48:04,387  INFO  (Main.java:22) - Attempting to connect to database.
01-Feb-2023 21:48:04,548  FATAL (Main.java:27) - [SQLITE_CONSTRAINT_UNIQUE] A UNIQUE constraint failed (UNIQUE constraint failed: users.userName)
01-Feb-2023 21:48:04,779  INFO  (Main.java:31) - Showing login screen.
01-Feb-2023 21:48:08,459  INFO  (LoginScreen.java:134) - Trying to login a user: [admin] with password: [a, d, m, i, n].
01-Feb-2023 21:48:08,504  INFO  (ChooseCounter.java:79) - Adding machines SB-9 to be available
01-Feb-2023 21:48:08,505  INFO  (ChooseCounter.java:79) - Adding machines ML-2F to be available
01-Feb-2023 21:48:08,549  INFO  (ButtonListeners.java:196) - Successful login. Showing ChooseCounter window.
01-Feb-2023 21:48:09,625  INFO  (ChooseCounter.java:190) - Connected to port Communications Port (COM1)
01-Feb-2023 21:48:09,628  INFO  (ChooseCounter.java:199) - Opening port with settings for SB-9
01-Feb-2023 21:48:09,714  INFO  (ChooseCounter.java:212) - Showing MainWindow, with following settings: SB-9, COM1, 115200.
01-Feb-2023 21:48:10,663  INFO  (MainWindow.java:367) - Opening Database window
01-Feb-2023 21:50:22,919  INFO  (Main.java:13) - ------------------------------Starting application------------------------------
01-Feb-2023 21:50:23,032  INFO  (Main.java:16) - Setting LookAndFeel to NimbusLookAndFeel.
01-Feb-2023 21:50:23,032  INFO  (Main.java:22) - Attempting to connect to database.
01-Feb-2023 21:50:23,192  FATAL (Main.java:27) - [SQLITE_CONSTRAINT_UNIQUE] A UNIQUE constraint failed (UNIQUE constraint failed: users.userName)
01-Feb-2023 21:50:23,422  INFO  (Main.java:31) - Showing login screen.
01-Feb-2023 21:50:26,556  INFO  (LoginScreen.java:134) - Trying to login a user: [admin] with password: [a, d, m, i, n].
01-Feb-2023 21:50:26,598  INFO  (ChooseCounter.java:79) - Adding machines SB-9 to be available
01-Feb-2023 21:50:26,599  INFO  (ChooseCounter.java:79) - Adding machines ML-2F to be available
01-Feb-2023 21:50:26,645  INFO  (ButtonListeners.java:196) - Successful login. Showing ChooseCounter window.
01-Feb-2023 21:50:28,203  INFO  (ChooseCounter.java:190) - Connected to port Communications Port (COM1)
01-Feb-2023 21:50:28,207  INFO  (ChooseCounter.java:199) - Opening port with settings for SB-9
01-Feb-2023 21:50:28,297  INFO  (ChooseCounter.java:212) - Showing MainWindow, with following settings: SB-9, COM1, 115200.
01-Feb-2023 21:51:04,025  INFO  (MainWindow.java:367) - Opening Database window
01-Feb-2023 21:53:47,347  INFO  (Main.java:13) - ------------------------------Starting application------------------------------
01-Feb-2023 21:53:47,459  INFO  (Main.java:16) - Setting LookAndFeel to NimbusLookAndFeel.
01-Feb-2023 21:53:47,460  INFO  (Main.java:22) - Attempting to connect to database.
01-Feb-2023 21:53:47,628  FATAL (Main.java:27) - [SQLITE_CONSTRAINT_UNIQUE] A UNIQUE constraint failed (UNIQUE constraint failed: users.userName)
01-Feb-2023 21:53:47,854  INFO  (Main.java:31) - Showing login screen.
01-Feb-2023 21:53:50,492  INFO  (LoginScreen.java:134) - Trying to login a user: [admin] with password: [a, d, m, i, n].
01-Feb-2023 21:53:50,539  INFO  (ChooseCounter.java:79) - Adding machines SB-9 to be available
01-Feb-2023 21:53:50,540  INFO  (ChooseCounter.java:79) - Adding machines ML-2F to be available
01-Feb-2023 21:53:50,586  INFO  (ButtonListeners.java:196) - Successful login. Showing ChooseCounter window.
01-Feb-2023 21:53:51,555  INFO  (ChooseCounter.java:190) - Connected to port Communications Port (COM1)
01-Feb-2023 21:53:51,559  INFO  (ChooseCounter.java:199) - Opening port with settings for SB-9
01-Feb-2023 21:53:51,641  INFO  (ChooseCounter.java:212) - Showing MainWindow, with following settings: SB-9, COM1, 115200.
01-Feb-2023 21:53:52,977  INFO  (MainWindow.java:367) - Opening Database window
01-Feb-2023 21:55:37,563  INFO  (Main.java:13) - ------------------------------Starting application------------------------------
01-Feb-2023 21:55:37,679  INFO  (Main.java:16) - Setting LookAndFeel to NimbusLookAndFeel.
01-Feb-2023 21:55:37,680  INFO  (Main.java:22) - Attempting to connect to database.
01-Feb-2023 21:55:37,839  FATAL (Main.java:27) - [SQLITE_CONSTRAINT_UNIQUE] A UNIQUE constraint failed (UNIQUE constraint failed: users.userName)
01-Feb-2023 21:55:38,070  INFO  (Main.java:31) - Showing login screen.
01-Feb-2023 21:55:43,212  INFO  (LoginScreen.java:134) - Trying to login a user: [admin] with password: [a, d, m, i, n].
01-Feb-2023 21:55:43,261  INFO  (ChooseCounter.java:79) - Adding machines SB-9 to be available
01-Feb-2023 21:55:43,262  INFO  (ChooseCounter.java:79) - Adding machines ML-2F to be available
01-Feb-2023 21:55:43,308  INFO  (ButtonListeners.java:196) - Successful login. Showing ChooseCounter window.
01-Feb-2023 21:55:44,641  INFO  (ChooseCounter.java:190) - Connected to port Communications Port (COM1)
01-Feb-2023 21:55:44,645  INFO  (ChooseCounter.java:199) - Opening port with settings for SB-9
01-Feb-2023 21:55:44,731  INFO  (ChooseCounter.java:212) - Showing MainWindow, with following settings: SB-9, COM1, 115200.
01-Feb-2023 21:55:45,794  INFO  (MainWindow.java:367) - Opening Database window
01-Feb-2023 21:56:21,864  INFO  (Main.java:13) - ------------------------------Starting application------------------------------
01-Feb-2023 21:56:21,980  INFO  (Main.java:16) - Setting LookAndFeel to NimbusLookAndFeel.
01-Feb-2023 21:56:21,980  INFO  (Main.java:22) - Attempting to connect to database.
01-Feb-2023 21:56:22,141  FATAL (Main.java:27) - [SQLITE_CONSTRAINT_UNIQUE] A UNIQUE constraint failed (UNIQUE constraint failed: users.userName)
01-Feb-2023 21:56:22,367  INFO  (Main.java:31) - Showing login screen.
01-Feb-2023 21:56:25,668  INFO  (LoginScreen.java:134) - Trying to login a user: [admin] with password: [a, d, m, i, n].
01-Feb-2023 21:56:25,714  INFO  (ChooseCounter.java:79) - Adding machines SB-9 to be available
01-Feb-2023 21:56:25,715  INFO  (ChooseCounter.java:79) - Adding machines ML-2F to be available
01-Feb-2023 21:56:25,759  INFO  (ButtonListeners.java:196) - Successful login. Showing ChooseCounter window.
01-Feb-2023 21:56:27,075  INFO  (ChooseCounter.java:190) - Connected to port Communications Port (COM1)
01-Feb-2023 21:56:27,079  INFO  (ChooseCounter.java:199) - Opening port with settings for SB-9
01-Feb-2023 21:56:27,163  INFO  (ChooseCounter.java:212) - Showing MainWindow, with following settings: SB-9, COM1, 115200.
01-Feb-2023 21:56:35,026  INFO  (MainWindow.java:367) - Opening Database window
01-Feb-2023 21:57:12,159  INFO  (Main.java:13) - ------------------------------Starting application------------------------------
01-Feb-2023 21:57:12,271  INFO  (Main.java:16) - Setting LookAndFeel to NimbusLookAndFeel.
01-Feb-2023 21:57:12,272  INFO  (Main.java:22) - Attempting to connect to database.
01-Feb-2023 21:57:12,436  FATAL (Main.java:27) - [SQLITE_CONSTRAINT_UNIQUE] A UNIQUE constraint failed (UNIQUE constraint failed: users.userName)
01-Feb-2023 21:57:12,662  INFO  (Main.java:31) - Showing login screen.
01-Feb-2023 21:57:15,645  INFO  (LoginScreen.java:134) - Trying to login a user: [admin] with password: [a, d, m, i, n].
01-Feb-2023 21:57:15,690  INFO  (ChooseCounter.java:79) - Adding machines SB-9 to be available
01-Feb-2023 21:57:15,691  INFO  (ChooseCounter.java:79) - Adding machines ML-2F to be available
01-Feb-2023 21:57:15,734  INFO  (ButtonListeners.java:196) - Successful login. Showing ChooseCounter window.
01-Feb-2023 21:57:17,018  INFO  (ChooseCounter.java:190) - Connected to port Communications Port (COM1)
01-Feb-2023 21:57:17,021  INFO  (ChooseCounter.java:199) - Opening port with settings for SB-9
01-Feb-2023 21:57:17,107  INFO  (ChooseCounter.java:212) - Showing MainWindow, with following settings: SB-9, COM1, 115200.
01-Feb-2023 21:57:18,240  INFO  (MainWindow.java:367) - Opening Database window
01-Feb-2023 21:59:47,630  INFO  (Main.java:13) - ------------------------------Starting application------------------------------
01-Feb-2023 21:59:47,741  INFO  (Main.java:16) - Setting LookAndFeel to NimbusLookAndFeel.
01-Feb-2023 21:59:47,741  INFO  (Main.java:22) - Attempting to connect to database.
01-Feb-2023 21:59:47,901  FATAL (Main.java:27) - [SQLITE_CONSTRAINT_UNIQUE] A UNIQUE constraint failed (UNIQUE constraint failed: users.userName)
01-Feb-2023 21:59:48,130  INFO  (Main.java:31) - Showing login screen.
01-Feb-2023 21:59:51,628  INFO  (LoginScreen.java:134) - Trying to login a user: [admin] with password: [a, d, m, i, n].
01-Feb-2023 21:59:51,673  INFO  (ChooseCounter.java:79) - Adding machines SB-9 to be available
01-Feb-2023 21:59:51,674  INFO  (ChooseCounter.java:79) - Adding machines ML-2F to be available
01-Feb-2023 21:59:51,718  INFO  (ButtonListeners.java:196) - Successful login. Showing ChooseCounter window.
01-Feb-2023 21:59:52,914  INFO  (ChooseCounter.java:190) - Connected to port Communications Port (COM1)
01-Feb-2023 21:59:52,918  INFO  (ChooseCounter.java:199) - Opening port with settings for SB-9
01-Feb-2023 21:59:53,004  INFO  (ChooseCounter.java:212) - Showing MainWindow, with following settings: SB-9, COM1, 115200.
01-Feb-2023 21:59:54,082  INFO  (MainWindow.java:367) - Opening Database window
01-Feb-2023 22:00:46,929  INFO  (Main.java:13) - ------------------------------Starting application------------------------------
01-Feb-2023 22:00:47,044  INFO  (Main.java:16) - Setting LookAndFeel to NimbusLookAndFeel.
01-Feb-2023 22:00:47,044  INFO  (Main.java:22) - Attempting to connect to database.
01-Feb-2023 22:00:47,206  FATAL (Main.java:27) - [SQLITE_CONSTRAINT_UNIQUE] A UNIQUE constraint failed (UNIQUE constraint failed: users.userName)
01-Feb-2023 22:00:47,435  INFO  (Main.java:31) - Showing login screen.
01-Feb-2023 22:00:49,908  INFO  (LoginScreen.java:134) - Trying to login a user: [admin] with password: [a, d, m, i, n].
01-Feb-2023 22:00:49,954  INFO  (ChooseCounter.java:79) - Adding machines SB-9 to be available
01-Feb-2023 22:00:49,955  INFO  (ChooseCounter.java:79) - Adding machines ML-2F to be available
01-Feb-2023 22:00:50,000  INFO  (ButtonListeners.java:196) - Successful login. Showing ChooseCounter window.
01-Feb-2023 22:00:53,219  INFO  (ChooseCounter.java:190) - Connected to port Communications Port (COM1)
01-Feb-2023 22:00:53,223  INFO  (ChooseCounter.java:199) - Opening port with settings for SB-9
01-Feb-2023 22:00:53,308  INFO  (ChooseCounter.java:212) - Showing MainWindow, with following settings: SB-9, COM1, 115200.
01-Feb-2023 22:00:55,836  INFO  (MainWindow.java:367) - Opening Database window
